<?xml version="1.0" encoding="UTF-8"?>
<testsuite xmlns:xsi="http://www.w3.org/2001/XMLSchema-instance" xsi:noNamespaceSchemaLocation="https://maven.apache.org/surefire/maven-surefire-plugin/xsd/surefire-test-report.xsd" name="com.example.AppTest" time="0.06" tests="1" errors="0" skipped="0" failures="0">
  <properties>
    <property name="java.specification.version" value="17"/>
    <property name="sun.jnu.encoding" value="UTF-8"/>
    <property name="java.class.path" value="/Users/inbalmelamed/Desktop/Distributed System Programming/aws-assignment1/target/test-classes:/Users/inbalmelamed/Desktop/Distributed System Programming/aws-assignment1/target/classes:/Users/inbalmelamed/.m2/repository/edu/stanford/nlp/stanford-corenlp/4.4.0/stanford-corenlp-4.4.0-models.jar:/Users/inbalmelamed/.m2/repository/com/apple/AppleJavaExtensions/1.4/AppleJavaExtensions-1.4.jar:/Users/inbalmelamed/.m2/repository/de/jollyday/jollyday/0.4.9/jollyday-0.4.9.jar:/Users/inbalmelamed/.m2/repository/org/apache/commons/commons-lang3/3.3.1/commons-lang3-3.3.1.jar:/Users/inbalmelamed/.m2/repository/org/apache/lucene/lucene-queryparser/7.5.0/lucene-queryparser-7.5.0.jar:/Users/inbalmelamed/.m2/repository/org/apache/lucene/lucene-queries/7.5.0/lucene-queries-7.5.0.jar:/Users/inbalmelamed/.m2/repository/org/apache/lucene/lucene-sandbox/7.5.0/lucene-sandbox-7.5.0.jar:/Users/inbalmelamed/.m2/repository/org/apache/lucene/lucene-analyzers-common/7.5.0/lucene-analyzers-common-7.5.0.jar:/Users/inbalmelamed/.m2/repository/org/apache/lucene/lucene-core/7.5.0/lucene-core-7.5.0.jar:/Users/inbalmelamed/.m2/repository/javax/servlet/javax.servlet-api/3.0.1/javax.servlet-api-3.0.1.jar:/Users/inbalmelamed/.m2/repository/xom/xom/1.3.7/xom-1.3.7.jar:/Users/inbalmelamed/.m2/repository/xerces/xercesImpl/2.8.0/xercesImpl-2.8.0.jar:/Users/inbalmelamed/.m2/repository/xml-apis/xml-apis/1.3.03/xml-apis-1.3.03.jar:/Users/inbalmelamed/.m2/repository/xalan/xalan/2.7.2/xalan-2.7.2.jar:/Users/inbalmelamed/.m2/repository/xalan/serializer/2.7.2/serializer-2.7.2.jar:/Users/inbalmelamed/.m2/repository/joda-time/joda-time/2.10.5/joda-time-2.10.5.jar:/Users/inbalmelamed/.m2/repository/org/ejml/ejml-core/0.39/ejml-core-0.39.jar:/Users/inbalmelamed/.m2/repository/com/google/code/findbugs/jsr305/3.0.2/jsr305-3.0.2.jar:/Users/inbalmelamed/.m2/repository/org/ejml/ejml-ddense/0.39/ejml-ddense-0.39.jar:/Users/inbalmelamed/.m2/repository/org/ejml/ejml-simple/0.39/ejml-simple-0.39.jar:/Users/inbalmelamed/.m2/repository/org/ejml/ejml-fdense/0.39/ejml-fdense-0.39.jar:/Users/inbalmelamed/.m2/repository/org/ejml/ejml-cdense/0.39/ejml-cdense-0.39.jar:/Users/inbalmelamed/.m2/repository/org/ejml/ejml-zdense/0.39/ejml-zdense-0.39.jar:/Users/inbalmelamed/.m2/repository/org/ejml/ejml-dsparse/0.39/ejml-dsparse-0.39.jar:/Users/inbalmelamed/.m2/repository/org/ejml/ejml-fsparse/0.39/ejml-fsparse-0.39.jar:/Users/inbalmelamed/.m2/repository/org/glassfish/javax.json/1.0.4/javax.json-1.0.4.jar:/Users/inbalmelamed/.m2/repository/org/slf4j/slf4j-api/1.7.12/slf4j-api-1.7.12.jar:/Users/inbalmelamed/.m2/repository/com/google/protobuf/protobuf-java/3.11.4/protobuf-java-3.11.4.jar:/Users/inbalmelamed/.m2/repository/javax/activation/javax.activation-api/1.2.0/javax.activation-api-1.2.0.jar:/Users/inbalmelamed/.m2/repository/javax/xml/bind/jaxb-api/2.4.0-b180830.0359/jaxb-api-2.4.0-b180830.0359.jar:/Users/inbalmelamed/.m2/repository/com/sun/xml/bind/jaxb-core/2.3.0.1/jaxb-core-2.3.0.1.jar:/Users/inbalmelamed/.m2/repository/com/sun/xml/bind/jaxb-impl/2.4.0-b180830.0438/jaxb-impl-2.4.0-b180830.0438.jar:/Users/inbalmelamed/.m2/repository/junit/junit/4.11/junit-4.11.jar:/Users/inbalmelamed/.m2/repository/org/hamcrest/hamcrest-core/1.3/hamcrest-core-1.3.jar:/Users/inbalmelamed/.m2/repository/org/json/json/20210307/json-20210307.jar:/Users/inbalmelamed/.m2/repository/com/amazonaws/aws-java-sdk-s3/1.11.267/aws-java-sdk-s3-1.11.267.jar:/Users/inbalmelamed/.m2/repository/com/amazonaws/aws-java-sdk-kms/1.11.267/aws-java-sdk-kms-1.11.267.jar:/Users/inbalmelamed/.m2/repository/com/amazonaws/aws-java-sdk-core/1.11.267/aws-java-sdk-core-1.11.267.jar:/Users/inbalmelamed/.m2/repository/commons-logging/commons-logging/1.1.3/commons-logging-1.1.3.jar:/Users/inbalmelamed/.m2/repository/org/apache/httpcomponents/httpclient/4.5.2/httpclient-4.5.2.jar:/Users/inbalmelamed/.m2/repository/software/amazon/ion/ion-java/1.0.2/ion-java-1.0.2.jar:/Users/inbalmelamed/.m2/repository/com/fasterxml/jackson/core/jackson-databind/2.6.7.1/jackson-databind-2.6.7.1.jar:/Users/inbalmelamed/.m2/repository/com/fasterxml/jackson/core/jackson-annotations/2.6.0/jackson-annotations-2.6.0.jar:/Users/inbalmelamed/.m2/repository/com/fasterxml/jackson/core/jackson-core/2.6.7/jackson-core-2.6.7.jar:/Users/inbalmelamed/.m2/repository/com/fasterxml/jackson/dataformat/jackson-dataformat-cbor/2.6.7/jackson-dataformat-cbor-2.6.7.jar:/Users/inbalmelamed/.m2/repository/com/amazonaws/jmespath-java/1.11.267/jmespath-java-1.11.267.jar:/Users/inbalmelamed/.m2/repository/software/amazon/awssdk/ec2/2.22.12/ec2-2.22.12.jar:/Users/inbalmelamed/.m2/repository/software/amazon/awssdk/aws-query-protocol/2.22.12/aws-query-protocol-2.22.12.jar:/Users/inbalmelamed/.m2/repository/software/amazon/awssdk/protocol-core/2.22.12/protocol-core-2.22.12.jar:/Users/inbalmelamed/.m2/repository/software/amazon/awssdk/http-auth-aws/2.22.12/http-auth-aws-2.22.12.jar:/Users/inbalmelamed/.m2/repository/software/amazon/awssdk/sdk-core/2.22.12/sdk-core-2.22.12.jar:/Users/inbalmelamed/.m2/repository/org/reactivestreams/reactive-streams/1.0.4/reactive-streams-1.0.4.jar:/Users/inbalmelamed/.m2/repository/software/amazon/awssdk/auth/2.22.12/auth-2.22.12.jar:/Users/inbalmelamed/.m2/repository/software/amazon/eventstream/eventstream/1.0.1/eventstream-1.0.1.jar:/Users/inbalmelamed/.m2/repository/software/amazon/awssdk/http-auth-spi/2.22.12/http-auth-spi-2.22.12.jar:/Users/inbalmelamed/.m2/repository/software/amazon/awssdk/http-auth/2.22.12/http-auth-2.22.12.jar:/Users/inbalmelamed/.m2/repository/software/amazon/awssdk/identity-spi/2.22.12/identity-spi-2.22.12.jar:/Users/inbalmelamed/.m2/repository/software/amazon/awssdk/http-client-spi/2.22.12/http-client-spi-2.22.12.jar:/Users/inbalmelamed/.m2/repository/software/amazon/awssdk/regions/2.22.12/regions-2.22.12.jar:/Users/inbalmelamed/.m2/repository/software/amazon/awssdk/annotations/2.22.12/annotations-2.22.12.jar:/Users/inbalmelamed/.m2/repository/software/amazon/awssdk/utils/2.22.12/utils-2.22.12.jar:/Users/inbalmelamed/.m2/repository/software/amazon/awssdk/aws-core/2.22.12/aws-core-2.22.12.jar:/Users/inbalmelamed/.m2/repository/software/amazon/awssdk/metrics-spi/2.22.12/metrics-spi-2.22.12.jar:/Users/inbalmelamed/.m2/repository/software/amazon/awssdk/json-utils/2.22.12/json-utils-2.22.12.jar:/Users/inbalmelamed/.m2/repository/software/amazon/awssdk/third-party-jackson-core/2.22.12/third-party-jackson-core-2.22.12.jar:/Users/inbalmelamed/.m2/repository/software/amazon/awssdk/endpoints-spi/2.22.12/endpoints-spi-2.22.12.jar:/Users/inbalmelamed/.m2/repository/software/amazon/awssdk/apache-client/2.22.12/apache-client-2.22.12.jar:/Users/inbalmelamed/.m2/repository/org/apache/httpcomponents/httpcore/4.4.13/httpcore-4.4.13.jar:/Users/inbalmelamed/.m2/repository/commons-codec/commons-codec/1.15/commons-codec-1.15.jar:/Users/inbalmelamed/.m2/repository/software/amazon/awssdk/netty-nio-client/2.22.12/netty-nio-client-2.22.12.jar:/Users/inbalmelamed/.m2/repository/io/netty/netty-codec-http/4.1.100.Final/netty-codec-http-4.1.100.Final.jar:/Users/inbalmelamed/.m2/repository/io/netty/netty-codec-http2/4.1.100.Final/netty-codec-http2-4.1.100.Final.jar:/Users/inbalmelamed/.m2/repository/io/netty/netty-codec/4.1.100.Final/netty-codec-4.1.100.Final.jar:/Users/inbalmelamed/.m2/repository/io/netty/netty-transport/4.1.100.Final/netty-transport-4.1.100.Final.jar:/Users/inbalmelamed/.m2/repository/io/netty/netty-common/4.1.100.Final/netty-common-4.1.100.Final.jar:/Users/inbalmelamed/.m2/repository/io/netty/netty-buffer/4.1.100.Final/netty-buffer-4.1.100.Final.jar:/Users/inbalmelamed/.m2/repository/io/netty/netty-handler/4.1.100.Final/netty-handler-4.1.100.Final.jar:/Users/inbalmelamed/.m2/repository/io/netty/netty-transport-native-unix-common/4.1.100.Final/netty-transport-native-unix-common-4.1.100.Final.jar:/Users/inbalmelamed/.m2/repository/io/netty/netty-transport-classes-epoll/4.1.100.Final/netty-transport-classes-epoll-4.1.100.Final.jar:/Users/inbalmelamed/.m2/repository/io/netty/netty-resolver/4.1.100.Final/netty-resolver-4.1.100.Final.jar:/Users/inbalmelamed/.m2/repository/software/amazon/awssdk/s3/2.22.12/s3-2.22.12.jar:/Users/inbalmelamed/.m2/repository/software/amazon/awssdk/aws-xml-protocol/2.22.12/aws-xml-protocol-2.22.12.jar:/Users/inbalmelamed/.m2/repository/software/amazon/awssdk/arns/2.22.12/arns-2.22.12.jar:/Users/inbalmelamed/.m2/repository/software/amazon/awssdk/profiles/2.22.12/profiles-2.22.12.jar:/Users/inbalmelamed/.m2/repository/software/amazon/awssdk/crt-core/2.22.12/crt-core-2.22.12.jar:/Users/inbalmelamed/.m2/repository/software/amazon/awssdk/checksums/2.22.12/checksums-2.22.12.jar:/Users/inbalmelamed/.m2/repository/software/amazon/awssdk/checksums-spi/2.22.12/checksums-spi-2.22.12.jar:/Users/inbalmelamed/.m2/repository/software/amazon/awssdk/sqs/2.22.12/sqs-2.22.12.jar:/Users/inbalmelamed/.m2/repository/software/amazon/awssdk/aws-json-protocol/2.22.12/aws-json-protocol-2.22.12.jar:/Users/inbalmelamed/.m2/repository/edu/stanford/nlp/stanford-corenlp/4.4.0/stanford-corenlp-4.4.0.jar:"/>
    <property name="java.vm.vendor" value="Amazon.com Inc."/>
    <property name="sun.arch.data.model" value="64"/>
    <property name="java.vendor.url" value="https://aws.amazon.com/corretto/"/>
    <property name="os.name" value="Mac OS X"/>
    <property name="java.vm.specification.version" value="17"/>
    <property name="sun.java.launcher" value="SUN_STANDARD"/>
    <property name="user.country" value="IL"/>
    <property name="sun.boot.library.path" value="/Library/Java/JavaVirtualMachines/amazon-corretto-17.jdk/Contents/Home/lib"/>
    <property name="sun.java.command" value="/Users/inbalmelamed/Desktop/Distributed System Programming/aws-assignment1/target/surefire/surefirebooter14663555089726397729.jar /Users/inbalmelamed/Desktop/Distributed System Programming/aws-assignment1/target/surefire 2024-01-25T17-17-15_543-jvmRun1 surefire15816629801126007105tmp surefire_01558592349987436437tmp"/>
    <property name="http.nonProxyHosts" value="local|*.local|169.254/16|*.169.254/16"/>
    <property name="jdk.debug" value="release"/>
    <property name="surefire.test.class.path" value="/Users/inbalmelamed/Desktop/Distributed System Programming/aws-assignment1/target/test-classes:/Users/inbalmelamed/Desktop/Distributed System Programming/aws-assignment1/target/classes:/Users/inbalmelamed/.m2/repository/edu/stanford/nlp/stanford-corenlp/4.4.0/stanford-corenlp-4.4.0-models.jar:/Users/inbalmelamed/.m2/repository/com/apple/AppleJavaExtensions/1.4/AppleJavaExtensions-1.4.jar:/Users/inbalmelamed/.m2/repository/de/jollyday/jollyday/0.4.9/jollyday-0.4.9.jar:/Users/inbalmelamed/.m2/repository/org/apache/commons/commons-lang3/3.3.1/commons-lang3-3.3.1.jar:/Users/inbalmelamed/.m2/repository/org/apache/lucene/lucene-queryparser/7.5.0/lucene-queryparser-7.5.0.jar:/Users/inbalmelamed/.m2/repository/org/apache/lucene/lucene-queries/7.5.0/lucene-queries-7.5.0.jar:/Users/inbalmelamed/.m2/repository/org/apache/lucene/lucene-sandbox/7.5.0/lucene-sandbox-7.5.0.jar:/Users/inbalmelamed/.m2/repository/org/apache/lucene/lucene-analyzers-common/7.5.0/lucene-analyzers-common-7.5.0.jar:/Users/inbalmelamed/.m2/repository/org/apache/lucene/lucene-core/7.5.0/lucene-core-7.5.0.jar:/Users/inbalmelamed/.m2/repository/javax/servlet/javax.servlet-api/3.0.1/javax.servlet-api-3.0.1.jar:/Users/inbalmelamed/.m2/repository/xom/xom/1.3.7/xom-1.3.7.jar:/Users/inbalmelamed/.m2/repository/xerces/xercesImpl/2.8.0/xercesImpl-2.8.0.jar:/Users/inbalmelamed/.m2/repository/xml-apis/xml-apis/1.3.03/xml-apis-1.3.03.jar:/Users/inbalmelamed/.m2/repository/xalan/xalan/2.7.2/xalan-2.7.2.jar:/Users/inbalmelamed/.m2/repository/xalan/serializer/2.7.2/serializer-2.7.2.jar:/Users/inbalmelamed/.m2/repository/joda-time/joda-time/2.10.5/joda-time-2.10.5.jar:/Users/inbalmelamed/.m2/repository/org/ejml/ejml-core/0.39/ejml-core-0.39.jar:/Users/inbalmelamed/.m2/repository/com/google/code/findbugs/jsr305/3.0.2/jsr305-3.0.2.jar:/Users/inbalmelamed/.m2/repository/org/ejml/ejml-ddense/0.39/ejml-ddense-0.39.jar:/Users/inbalmelamed/.m2/repository/org/ejml/ejml-simple/0.39/ejml-simple-0.39.jar:/Users/inbalmelamed/.m2/repository/org/ejml/ejml-fdense/0.39/ejml-fdense-0.39.jar:/Users/inbalmelamed/.m2/repository/org/ejml/ejml-cdense/0.39/ejml-cdense-0.39.jar:/Users/inbalmelamed/.m2/repository/org/ejml/ejml-zdense/0.39/ejml-zdense-0.39.jar:/Users/inbalmelamed/.m2/repository/org/ejml/ejml-dsparse/0.39/ejml-dsparse-0.39.jar:/Users/inbalmelamed/.m2/repository/org/ejml/ejml-fsparse/0.39/ejml-fsparse-0.39.jar:/Users/inbalmelamed/.m2/repository/org/glassfish/javax.json/1.0.4/javax.json-1.0.4.jar:/Users/inbalmelamed/.m2/repository/org/slf4j/slf4j-api/1.7.12/slf4j-api-1.7.12.jar:/Users/inbalmelamed/.m2/repository/com/google/protobuf/protobuf-java/3.11.4/protobuf-java-3.11.4.jar:/Users/inbalmelamed/.m2/repository/javax/activation/javax.activation-api/1.2.0/javax.activation-api-1.2.0.jar:/Users/inbalmelamed/.m2/repository/javax/xml/bind/jaxb-api/2.4.0-b180830.0359/jaxb-api-2.4.0-b180830.0359.jar:/Users/inbalmelamed/.m2/repository/com/sun/xml/bind/jaxb-core/2.3.0.1/jaxb-core-2.3.0.1.jar:/Users/inbalmelamed/.m2/repository/com/sun/xml/bind/jaxb-impl/2.4.0-b180830.0438/jaxb-impl-2.4.0-b180830.0438.jar:/Users/inbalmelamed/.m2/repository/junit/junit/4.11/junit-4.11.jar:/Users/inbalmelamed/.m2/repository/org/hamcrest/hamcrest-core/1.3/hamcrest-core-1.3.jar:/Users/inbalmelamed/.m2/repository/org/json/json/20210307/json-20210307.jar:/Users/inbalmelamed/.m2/repository/com/amazonaws/aws-java-sdk-s3/1.11.267/aws-java-sdk-s3-1.11.267.jar:/Users/inbalmelamed/.m2/repository/com/amazonaws/aws-java-sdk-kms/1.11.267/aws-java-sdk-kms-1.11.267.jar:/Users/inbalmelamed/.m2/repository/com/amazonaws/aws-java-sdk-core/1.11.267/aws-java-sdk-core-1.11.267.jar:/Users/inbalmelamed/.m2/repository/commons-logging/commons-logging/1.1.3/commons-logging-1.1.3.jar:/Users/inbalmelamed/.m2/repository/org/apache/httpcomponents/httpclient/4.5.2/httpclient-4.5.2.jar:/Users/inbalmelamed/.m2/repository/software/amazon/ion/ion-java/1.0.2/ion-java-1.0.2.jar:/Users/inbalmelamed/.m2/repository/com/fasterxml/jackson/core/jackson-databind/2.6.7.1/jackson-databind-2.6.7.1.jar:/Users/inbalmelamed/.m2/repository/com/fasterxml/jackson/core/jackson-annotations/2.6.0/jackson-annotations-2.6.0.jar:/Users/inbalmelamed/.m2/repository/com/fasterxml/jackson/core/jackson-core/2.6.7/jackson-core-2.6.7.jar:/Users/inbalmelamed/.m2/repository/com/fasterxml/jackson/dataformat/jackson-dataformat-cbor/2.6.7/jackson-dataformat-cbor-2.6.7.jar:/Users/inbalmelamed/.m2/repository/com/amazonaws/jmespath-java/1.11.267/jmespath-java-1.11.267.jar:/Users/inbalmelamed/.m2/repository/software/amazon/awssdk/ec2/2.22.12/ec2-2.22.12.jar:/Users/inbalmelamed/.m2/repository/software/amazon/awssdk/aws-query-protocol/2.22.12/aws-query-protocol-2.22.12.jar:/Users/inbalmelamed/.m2/repository/software/amazon/awssdk/protocol-core/2.22.12/protocol-core-2.22.12.jar:/Users/inbalmelamed/.m2/repository/software/amazon/awssdk/http-auth-aws/2.22.12/http-auth-aws-2.22.12.jar:/Users/inbalmelamed/.m2/repository/software/amazon/awssdk/sdk-core/2.22.12/sdk-core-2.22.12.jar:/Users/inbalmelamed/.m2/repository/org/reactivestreams/reactive-streams/1.0.4/reactive-streams-1.0.4.jar:/Users/inbalmelamed/.m2/repository/software/amazon/awssdk/auth/2.22.12/auth-2.22.12.jar:/Users/inbalmelamed/.m2/repository/software/amazon/eventstream/eventstream/1.0.1/eventstream-1.0.1.jar:/Users/inbalmelamed/.m2/repository/software/amazon/awssdk/http-auth-spi/2.22.12/http-auth-spi-2.22.12.jar:/Users/inbalmelamed/.m2/repository/software/amazon/awssdk/http-auth/2.22.12/http-auth-2.22.12.jar:/Users/inbalmelamed/.m2/repository/software/amazon/awssdk/identity-spi/2.22.12/identity-spi-2.22.12.jar:/Users/inbalmelamed/.m2/repository/software/amazon/awssdk/http-client-spi/2.22.12/http-client-spi-2.22.12.jar:/Users/inbalmelamed/.m2/repository/software/amazon/awssdk/regions/2.22.12/regions-2.22.12.jar:/Users/inbalmelamed/.m2/repository/software/amazon/awssdk/annotations/2.22.12/annotations-2.22.12.jar:/Users/inbalmelamed/.m2/repository/software/amazon/awssdk/utils/2.22.12/utils-2.22.12.jar:/Users/inbalmelamed/.m2/repository/software/amazon/awssdk/aws-core/2.22.12/aws-core-2.22.12.jar:/Users/inbalmelamed/.m2/repository/software/amazon/awssdk/metrics-spi/2.22.12/metrics-spi-2.22.12.jar:/Users/inbalmelamed/.m2/repository/software/amazon/awssdk/json-utils/2.22.12/json-utils-2.22.12.jar:/Users/inbalmelamed/.m2/repository/software/amazon/awssdk/third-party-jackson-core/2.22.12/third-party-jackson-core-2.22.12.jar:/Users/inbalmelamed/.m2/repository/software/amazon/awssdk/endpoints-spi/2.22.12/endpoints-spi-2.22.12.jar:/Users/inbalmelamed/.m2/repository/software/amazon/awssdk/apache-client/2.22.12/apache-client-2.22.12.jar:/Users/inbalmelamed/.m2/repository/org/apache/httpcomponents/httpcore/4.4.13/httpcore-4.4.13.jar:/Users/inbalmelamed/.m2/repository/commons-codec/commons-codec/1.15/commons-codec-1.15.jar:/Users/inbalmelamed/.m2/repository/software/amazon/awssdk/netty-nio-client/2.22.12/netty-nio-client-2.22.12.jar:/Users/inbalmelamed/.m2/repository/io/netty/netty-codec-http/4.1.100.Final/netty-codec-http-4.1.100.Final.jar:/Users/inbalmelamed/.m2/repository/io/netty/netty-codec-http2/4.1.100.Final/netty-codec-http2-4.1.100.Final.jar:/Users/inbalmelamed/.m2/repository/io/netty/netty-codec/4.1.100.Final/netty-codec-4.1.100.Final.jar:/Users/inbalmelamed/.m2/repository/io/netty/netty-transport/4.1.100.Final/netty-transport-4.1.100.Final.jar:/Users/inbalmelamed/.m2/repository/io/netty/netty-common/4.1.100.Final/netty-common-4.1.100.Final.jar:/Users/inbalmelamed/.m2/repository/io/netty/netty-buffer/4.1.100.Final/netty-buffer-4.1.100.Final.jar:/Users/inbalmelamed/.m2/repository/io/netty/netty-handler/4.1.100.Final/netty-handler-4.1.100.Final.jar:/Users/inbalmelamed/.m2/repository/io/netty/netty-transport-native-unix-common/4.1.100.Final/netty-transport-native-unix-common-4.1.100.Final.jar:/Users/inbalmelamed/.m2/repository/io/netty/netty-transport-classes-epoll/4.1.100.Final/netty-transport-classes-epoll-4.1.100.Final.jar:/Users/inbalmelamed/.m2/repository/io/netty/netty-resolver/4.1.100.Final/netty-resolver-4.1.100.Final.jar:/Users/inbalmelamed/.m2/repository/software/amazon/awssdk/s3/2.22.12/s3-2.22.12.jar:/Users/inbalmelamed/.m2/repository/software/amazon/awssdk/aws-xml-protocol/2.22.12/aws-xml-protocol-2.22.12.jar:/Users/inbalmelamed/.m2/repository/software/amazon/awssdk/arns/2.22.12/arns-2.22.12.jar:/Users/inbalmelamed/.m2/repository/software/amazon/awssdk/profiles/2.22.12/profiles-2.22.12.jar:/Users/inbalmelamed/.m2/repository/software/amazon/awssdk/crt-core/2.22.12/crt-core-2.22.12.jar:/Users/inbalmelamed/.m2/repository/software/amazon/awssdk/checksums/2.22.12/checksums-2.22.12.jar:/Users/inbalmelamed/.m2/repository/software/amazon/awssdk/checksums-spi/2.22.12/checksums-spi-2.22.12.jar:/Users/inbalmelamed/.m2/repository/software/amazon/awssdk/sqs/2.22.12/sqs-2.22.12.jar:/Users/inbalmelamed/.m2/repository/software/amazon/awssdk/aws-json-protocol/2.22.12/aws-json-protocol-2.22.12.jar:/Users/inbalmelamed/.m2/repository/edu/stanford/nlp/stanford-corenlp/4.4.0/stanford-corenlp-4.4.0.jar:"/>
    <property name="sun.cpu.endian" value="little"/>
    <property name="user.home" value="/Users/inbalmelamed"/>
    <property name="user.language" value="en"/>
    <property name="java.specification.vendor" value="Oracle Corporation"/>
    <property name="java.version.date" value="2021-09-14"/>
    <property name="java.home" value="/Library/Java/JavaVirtualMachines/amazon-corretto-17.jdk/Contents/Home"/>
    <property name="file.separator" value="/"/>
    <property name="basedir" value="/Users/inbalmelamed/Desktop/Distributed System Programming/aws-assignment1"/>
    <property name="java.vm.compressedOopsMode" value="Zero based"/>
    <property name="line.separator" value="&#10;"/>
    <property name="java.specification.name" value="Java Platform API Specification"/>
    <property name="java.vm.specification.vendor" value="Oracle Corporation"/>
    <property name="surefire.real.class.path" value="/Users/inbalmelamed/Desktop/Distributed System Programming/aws-assignment1/target/surefire/surefirebooter14663555089726397729.jar"/>
    <property name="sun.management.compiler" value="HotSpot 64-Bit Tiered Compilers"/>
    <property name="ftp.nonProxyHosts" value="local|*.local|169.254/16|*.169.254/16"/>
    <property name="java.runtime.version" value="17+35-LTS"/>
    <property name="user.name" value="inbalmelamed"/>
    <property name="path.separator" value=":"/>
    <property name="os.version" value="13.6.3"/>
    <property name="java.runtime.name" value="OpenJDK Runtime Environment"/>
    <property name="file.encoding" value="UTF-8"/>
    <property name="java.vm.name" value="OpenJDK 64-Bit Server VM"/>
    <property name="java.vendor.version" value="Corretto-17.0.0.35.2"/>
    <property name="localRepository" value="/Users/inbalmelamed/.m2/repository"/>
    <property name="java.vendor.url.bug" value="https://github.com/corretto/corretto-17/issues/"/>
    <property name="java.io.tmpdir" value="/var/folders/06/ttltfyt50yj4108yrpq71yjm0000gn/T/"/>
    <property name="java.version" value="17"/>
    <property name="user.dir" value="/Users/inbalmelamed/Desktop/Distributed System Programming/aws-assignment1"/>
    <property name="os.arch" value="x86_64"/>
    <property name="java.vm.specification.name" value="Java Virtual Machine Specification"/>
    <property name="native.encoding" value="UTF-8"/>
    <property name="java.library.path" value="/Users/inbalmelamed/Library/Java/Extensions:/Library/Java/Extensions:/Network/Library/Java/Extensions:/System/Library/Java/Extensions:/usr/lib/java:."/>
    <property name="java.vm.info" value="mixed mode, sharing"/>
    <property name="java.vendor" value="Amazon.com Inc."/>
    <property name="java.vm.version" value="17+35-LTS"/>
    <property name="sun.io.unicode.encoding" value="UnicodeBig"/>
    <property name="socksNonProxyHosts" value="local|*.local|169.254/16|*.169.254/16"/>
    <property name="java.class.version" value="61.0"/>
  </properties>
  <testcase name="shouldAnswerWithTrue" classname="com.example.AppTest" time="0.005"/>
</testsuite>